  Main.cpp
C:\Users\G2217\Desktop\プログラム\Dxlib\ScreenTest\ScreenTest\Project1\Vector.h(131,17): warning C4244: '初期化中': 'double' から 'float' への変換です。データが失われる可能性があります。
C:\Users\G2217\Desktop\プログラム\Dxlib\ScreenTest\ScreenTest\Project1\Matrix.h(1,1): warning C4828: オフセット 0xb4f から始まる、現在のソースの文字セット (コードページ 932) では使用できない文字がファイルに含まれています。
C:\Users\G2217\Desktop\プログラム\Dxlib\ScreenTest\ScreenTest\Project1\Main.cpp(10,32): warning C4244: '引数': 'const float' から 'int' への変換です。データが失われる可能性があります。
C:\Users\G2217\Desktop\プログラム\Dxlib\ScreenTest\ScreenTest\Project1\Main.cpp(10,18): warning C4244: '引数': 'const float' から 'int' への変換です。データが失われる可能性があります。
C:\Users\G2217\Desktop\プログラム\Dxlib\ScreenTest\ScreenTest\Project1\Main.cpp(30,37): error C3861: 'SetVec3D': 識別子が見つかりませんでした
C:\Users\G2217\Desktop\プログラム\Dxlib\ScreenTest\ScreenTest\Project1\Main.cpp(31,37): error C3861: 'SetVec3D': 識別子が見つかりませんでした
C:\Users\G2217\Desktop\プログラム\Dxlib\ScreenTest\ScreenTest\Project1\Main.cpp(34,36): error C3861: 'SetVec3D': 識別子が見つかりませんでした
C:\Users\G2217\Desktop\プログラム\Dxlib\ScreenTest\ScreenTest\Project1\Main.cpp(35,36): error C3861: 'SetVec3D': 識別子が見つかりませんでした
C:\Users\G2217\Desktop\プログラム\Dxlib\ScreenTest\ScreenTest\Project1\Main.cpp(38,35): error C3861: 'SetVec3D': 識別子が見つかりませんでした
C:\Users\G2217\Desktop\プログラム\Dxlib\ScreenTest\ScreenTest\Project1\Main.cpp(39,35): error C3861: 'SetVec3D': 識別子が見つかりませんでした
C:\Users\G2217\Desktop\プログラム\Dxlib\ScreenTest\ScreenTest\Project1\Main.cpp(42,37): error C3861: 'SetVec3D': 識別子が見つかりませんでした
C:\Users\G2217\Desktop\プログラム\Dxlib\ScreenTest\ScreenTest\Project1\Main.cpp(43,37): error C3861: 'SetVec3D': 識別子が見つかりませんでした
C:\Users\G2217\Desktop\プログラム\Dxlib\ScreenTest\ScreenTest\Project1\Main.cpp(46,36): error C3861: 'SetVec3D': 識別子が見つかりませんでした
C:\Users\G2217\Desktop\プログラム\Dxlib\ScreenTest\ScreenTest\Project1\Main.cpp(47,36): error C3861: 'SetVec3D': 識別子が見つかりませんでした
C:\Users\G2217\Desktop\プログラム\Dxlib\ScreenTest\ScreenTest\Project1\Main.cpp(50,35): error C3861: 'SetVec3D': 識別子が見つかりませんでした
C:\Users\G2217\Desktop\プログラム\Dxlib\ScreenTest\ScreenTest\Project1\Main.cpp(51,35): error C3861: 'SetVec3D': 識別子が見つかりませんでした
C:\Users\G2217\Desktop\プログラム\Dxlib\ScreenTest\ScreenTest\Project1\Main.cpp(54,34): error C3861: 'SetVec3D': 識別子が見つかりませんでした
C:\Users\G2217\Desktop\プログラム\Dxlib\ScreenTest\ScreenTest\Project1\Main.cpp(55,34): error C3861: 'SetVec3D': 識別子が見つかりませんでした
C:\Users\G2217\Desktop\プログラム\Dxlib\ScreenTest\ScreenTest\Project1\Main.cpp(58,36): error C3861: 'SetVec3D': 識別子が見つかりませんでした
C:\Users\G2217\Desktop\プログラム\Dxlib\ScreenTest\ScreenTest\Project1\Main.cpp(59,36): error C3861: 'SetVec3D': 識別子が見つかりませんでした
C:\Users\G2217\Desktop\プログラム\Dxlib\ScreenTest\ScreenTest\Project1\Main.cpp(62,36): error C3861: 'SetVec3D': 識別子が見つかりませんでした
C:\Users\G2217\Desktop\プログラム\Dxlib\ScreenTest\ScreenTest\Project1\Main.cpp(63,36): error C3861: 'SetVec3D': 識別子が見つかりませんでした
C:\Users\G2217\Desktop\プログラム\Dxlib\ScreenTest\ScreenTest\Project1\Main.cpp(66,35): error C3861: 'SetVec3D': 識別子が見つかりませんでした
C:\Users\G2217\Desktop\プログラム\Dxlib\ScreenTest\ScreenTest\Project1\Main.cpp(67,35): error C3861: 'SetVec3D': 識別子が見つかりませんでした
C:\Users\G2217\Desktop\プログラム\Dxlib\ScreenTest\ScreenTest\Project1\Main.cpp(70,34): error C3861: 'SetVec3D': 識別子が見つかりませんでした
C:\Users\G2217\Desktop\プログラム\Dxlib\ScreenTest\ScreenTest\Project1\Main.cpp(71,34): error C3861: 'SetVec3D': 識別子が見つかりませんでした
C:\Users\G2217\Desktop\プログラム\Dxlib\ScreenTest\ScreenTest\Project1\Main.cpp(74,36): error C3861: 'SetVec3D': 識別子が見つかりませんでした
C:\Users\G2217\Desktop\プログラム\Dxlib\ScreenTest\ScreenTest\Project1\Main.cpp(75,36): error C3861: 'SetVec3D': 識別子が見つかりませんでした
  TopAngle.cpp
C:\Users\G2217\Desktop\プログラム\Dxlib\ScreenTest\ScreenTest\Project1\Vector.h(131,17): warning C4244: '初期化中': 'double' から 'float' への変換です。データが失われる可能性があります。
C:\Users\G2217\Desktop\プログラム\Dxlib\ScreenTest\ScreenTest\Project1\Matrix.h(1,1): warning C4828: オフセット 0xb4f から始まる、現在のソースの文字セット (コードページ 932) では使用できない文字がファイルに含まれています。
C:\Users\G2217\Desktop\プログラム\Dxlib\ScreenTest\ScreenTest\Project1\TopAngle.cpp(31,28): warning C4244: '引数': 'const float' から 'int' への変換です。データが失われる可能性があります。
C:\Users\G2217\Desktop\プログラム\Dxlib\ScreenTest\ScreenTest\Project1\TopAngle.cpp(31,16): warning C4244: '引数': 'const float' から 'int' への変換です。データが失われる可能性があります。
C:\Users\G2217\Desktop\プログラム\Dxlib\ScreenTest\ScreenTest\Project1\TopAngle.cpp(32,38): warning C4244: '引数': 'const float' から 'int' への変換です。データが失われる可能性があります。
C:\Users\G2217\Desktop\プログラム\Dxlib\ScreenTest\ScreenTest\Project1\TopAngle.cpp(32,26): warning C4244: '引数': 'const float' から 'int' への変換です。データが失われる可能性があります。
C:\Users\G2217\Desktop\プログラム\Dxlib\ScreenTest\ScreenTest\Project1\TopAngle.cpp(32,11): warning C4244: '引数': 'const float' から 'int' への変換です。データが失われる可能性があります。
C:\Users\G2217\Desktop\プログラム\Dxlib\ScreenTest\ScreenTest\Project1\TopAngle.cpp(33,39): warning C4244: '引数': 'const float' から 'int' への変換です。データが失われる可能性があります。
C:\Users\G2217\Desktop\プログラム\Dxlib\ScreenTest\ScreenTest\Project1\TopAngle.cpp(33,27): warning C4244: '引数': 'const float' から 'int' への変換です。データが失われる可能性があります。
C:\Users\G2217\Desktop\プログラム\Dxlib\ScreenTest\ScreenTest\Project1\TopAngle.cpp(33,14): warning C4244: '引数': 'const float' から 'int' への変換です。データが失われる可能性があります。
C:\Users\G2217\Desktop\プログラム\Dxlib\ScreenTest\ScreenTest\Project1\TopAngle.cpp(40,29): warning C4244: '引数': 'float' から 'int' への変換です。データが失われる可能性があります。
C:\Users\G2217\Desktop\プログラム\Dxlib\ScreenTest\ScreenTest\Project1\TopAngle.cpp(40,19): warning C4244: '引数': 'float' から 'int' への変換です。データが失われる可能性があります。
C:\Users\G2217\Desktop\プログラム\Dxlib\ScreenTest\ScreenTest\Project1\TopAngle.cpp(41,50): warning C4244: '引数': 'float' から 'int' への変換です。データが失われる可能性があります。
C:\Users\G2217\Desktop\プログラム\Dxlib\ScreenTest\ScreenTest\Project1\TopAngle.cpp(41,37): warning C4244: '引数': 'float' から 'int' への変換です。データが失われる可能性があります。
C:\Users\G2217\Desktop\プログラム\Dxlib\ScreenTest\ScreenTest\Project1\TopAngle.cpp(41,27): warning C4244: '引数': 'float' から 'int' への変換です。データが失われる可能性があります。
C:\Users\G2217\Desktop\プログラム\Dxlib\ScreenTest\ScreenTest\Project1\TopAngle.cpp(41,17): warning C4244: '引数': 'float' から 'int' への変換です。データが失われる可能性があります。
C:\Users\G2217\Desktop\プログラム\Dxlib\ScreenTest\ScreenTest\Project1\TopAngle.cpp(47,74): warning C4244: '引数': 'float' から 'int' への変換です。データが失われる可能性があります。
C:\Users\G2217\Desktop\プログラム\Dxlib\ScreenTest\ScreenTest\Project1\TopAngle.cpp(47,40): warning C4244: '引数': 'float' から 'int' への変換です。データが失われる可能性があります。
C:\Users\G2217\Desktop\プログラム\Dxlib\ScreenTest\ScreenTest\Project1\TopAngle.cpp(47,27): warning C4244: '引数': 'float' から 'int' への変換です。データが失われる可能性があります。
C:\Users\G2217\Desktop\プログラム\Dxlib\ScreenTest\ScreenTest\Project1\TopAngle.cpp(47,17): warning C4244: '引数': 'float' から 'int' への変換です。データが失われる可能性があります。
C:\Users\G2217\Desktop\プログラム\Dxlib\ScreenTest\ScreenTest\Project1\TopAngle.cpp(48,74): warning C4244: '引数': 'float' から 'int' への変換です。データが失われる可能性があります。
C:\Users\G2217\Desktop\プログラム\Dxlib\ScreenTest\ScreenTest\Project1\TopAngle.cpp(48,40): warning C4244: '引数': 'float' から 'int' への変換です。データが失われる可能性があります。
C:\Users\G2217\Desktop\プログラム\Dxlib\ScreenTest\ScreenTest\Project1\TopAngle.cpp(48,27): warning C4244: '引数': 'float' から 'int' への変換です。データが失われる可能性があります。
C:\Users\G2217\Desktop\プログラム\Dxlib\ScreenTest\ScreenTest\Project1\TopAngle.cpp(48,17): warning C4244: '引数': 'float' から 'int' への変換です。データが失われる可能性があります。
C:\Users\G2217\Desktop\プログラム\Dxlib\ScreenTest\ScreenTest\Project1\TopAngle.cpp(49,101): warning C4244: '引数': 'float' から 'int' への変換です。データが失われる可能性があります。
C:\Users\G2217\Desktop\プログラム\Dxlib\ScreenTest\ScreenTest\Project1\TopAngle.cpp(49,67): warning C4244: '引数': 'float' から 'int' への変換です。データが失われる可能性があります。
C:\Users\G2217\Desktop\プログラム\Dxlib\ScreenTest\ScreenTest\Project1\TopAngle.cpp(49,54): warning C4244: '引数': 'float' から 'int' への変換です。データが失われる可能性があります。
C:\Users\G2217\Desktop\プログラム\Dxlib\ScreenTest\ScreenTest\Project1\TopAngle.cpp(49,20): warning C4244: '引数': 'float' から 'int' への変換です。データが失われる可能性があります。
C:\Users\G2217\Desktop\プログラム\Dxlib\ScreenTest\ScreenTest\Project1\TopAngle.cpp(65,56): warning C4244: '引数': 'float' から 'int' への変換です。データが失われる可能性があります。
C:\Users\G2217\Desktop\プログラム\Dxlib\ScreenTest\ScreenTest\Project1\TopAngle.cpp(65,44): warning C4244: '引数': 'float' から 'int' への変換です。データが失われる可能性があります。
C:\Users\G2217\Desktop\プログラム\Dxlib\ScreenTest\ScreenTest\Project1\TopAngle.cpp(65,32): warning C4244: '引数': 'float' から 'int' への変換です。データが失われる可能性があります。
C:\Users\G2217\Desktop\プログラム\Dxlib\ScreenTest\ScreenTest\Project1\TopAngle.cpp(65,20): warning C4244: '引数': 'float' から 'int' への変換です。データが失われる可能性があります。
  コードを生成中...
